2022/12/06 18:09:50 This is Students list API
2022/12/06 18:12:46 This is Insert API
2022/12/06 18:13:12 This is Students list API
2022/12/08 12:43:32 This is Students list API
2022/12/08 12:53:19 This is Insert API
2022/12/08 12:53:26 This is Students list API
2022/12/08 12:54:56 This is Insert API
2022/12/08 12:55:09 This is Students list API
2022/12/08 12:57:24 This is Students list API
2022/12/08 12:57:39 This is Insert API
2022/12/08 13:02:16 This is Insert API
2022/12/08 13:03:01 This is Fetch API
2022/12/08 13:10:08 This is Delete API
2022/12/08 13:13:56 This is Fetch API
2022/12/08 13:14:03 mongo: no documents in result
2022/12/08 13:14:14 This is Insert API
2022/12/08 13:14:28 This is Fetch API
2022/12/08 13:22:45 This is Fetch API
2022/12/08 13:23:36 This is Fetch API
2022/12/08 13:23:57 This is Insert API
2022/12/08 13:24:09 This is Fetch API
2022/12/08 13:25:16 This is Fetch API
2022/12/08 13:25:29 This is Insert API
2022/12/08 13:25:42 This is Fetch API
2022/12/08 13:29:31 This is Insert API
2022/12/08 13:29:52 This is Fetch API
2022/12/08 13:53:59 Uploading the Student Profile Picture
2022/12/08 13:54:16 This is Fetch API
2022/12/08 13:54:21 mongo: no documents in result
2022/12/08 13:54:36 This is Fetch API
2022/12/08 13:54:41 mongo: no documents in result
2022/12/08 13:54:44 This is Students list API
2022/12/08 13:56:56 This is Fetch API
2022/12/08 13:57:02 mongo: no documents in result
2022/12/08 13:57:15 This is Fetch API
2022/12/08 13:57:22 mongo: no documents in result
2022/12/08 14:01:04 This is Fetch API
2022/12/08 14:01:18 mongo: no documents in result
2022/12/08 14:03:32 This is Fetch API
2022/12/08 14:03:37 mongo: no documents in result
2022/12/08 15:34:07 This is Fetch API
2022/12/08 15:34:12 mongo: no documents in result
2022/12/08 15:35:25 This is Fetch API
2022/12/08 15:35:30 mongo: no documents in result
2022/12/08 15:35:53 This is Fetch API
2022/12/08 15:35:58 mongo: no documents in result
2022/12/08 15:57:24 This is Students list API
2022/12/08 15:57:45 This is Fetch API
2022/12/08 15:57:51 mongo: no documents in result
2022/12/08 15:58:30 This is Delete API
2022/12/08 15:58:46 This is Delete API
2022/12/08 15:58:59 This is Delete API
2022/12/08 15:59:09 This is Delete API
2022/12/08 15:59:19 This is Delete API
2022/12/08 15:59:30 This is Delete API
2022/12/08 15:59:41 This is Delete API
2022/12/08 15:59:49 This is Students list API
2022/12/08 16:00:11 This is Insert API
2022/12/08 16:00:27 This is Students list API
2022/12/08 16:00:28 This is Students list API
2022/12/08 16:00:50 This is Fetch API
2022/12/08 16:00:55 mongo: no documents in result
2022/12/08 16:01:39 This is Fetch API
2022/12/08 16:01:55 Uploading the Student Profile Picture
2022/12/08 16:02:12 This is Fetch API
2022/12/08 16:02:17 mongo: no documents in result
2022/12/08 16:02:25 This is Students list API
2022/12/08 16:03:35 This is Fetch API
2022/12/08 16:03:40 mongo: no documents in result
2022/12/08 16:04:16 This is Update API
2022/12/08 16:04:28 This is Fetch API
2022/12/08 16:04:33 mongo: no documents in result
2022/12/08 16:04:38 This is Students list API
2022/12/08 16:05:37 This is Insert API
2022/12/08 16:05:49 This is Fetch API
2022/12/08 16:08:03 This is Fetch API
2022/12/08 16:08:19 Uploading the Student Profile Picture
2022/12/08 16:08:32 This is Fetch API
2022/12/08 16:08:37 mongo: no documents in result
2022/12/08 16:17:23 This is Fetch API
2022/12/08 16:17:28 mongo: no documents in result
2022/12/08 16:18:47 This is Fetch API
2022/12/08 16:18:52 mongo: no documents in result
2022/12/08 16:19:26 This is Fetch API
2022/12/08 16:19:32 mongo: no documents in result
2022/12/08 16:20:19 This is Fetch API
2022/12/08 16:21:27 This is Insert API
2022/12/08 16:21:41 This is Fetch API
2022/12/08 16:21:56 Uploading the Student Profile Picture
2022/12/08 16:22:07 This is Fetch API
2022/12/08 16:23:32 This is Fetch API
2022/12/08 16:25:36 This is Insert API
2022/12/08 16:25:55 This is Fetch API
2022/12/08 16:27:14 Uploading the Student Profile Picture
2022/12/08 16:27:32 This is Fetch API
2022/12/08 16:31:39 This is Insert API
2022/12/08 16:31:52 This is Fetch API
2022/12/08 16:32:45 Uploading the Student Profile Picture
2022/12/08 16:33:05 This is Fetch API
2022/12/08 16:39:25 This is Insert API
2022/12/08 16:39:39 Uploading the Student Profile Picture
2022/12/08 16:39:57 This is Fetch API
2022/12/08 16:41:35 This is Insert API
2022/12/08 16:41:48 Uploading the Student Profile Picture
2022/12/08 16:42:02 This is Fetch API
2022/12/08 16:42:24 This is Fetch API
2022/12/08 16:44:44 This is Insert API
2022/12/08 16:45:00 Uploading the Student Profile Picture
2022/12/08 16:45:16 This is Fetch API
